<?xml version="1.0" encoding="UTF-8"?>
<testsuite xmlns:xsi="http://www.w3.org/2001/XMLSchema-instance" xsi:noNamespaceSchemaLocation="https://maven.apache.org/surefire/maven-surefire-plugin/xsd/surefire-test-report-3.0.xsd" version="3.0" name="com.store.productservice.integration.ProductIntegrationPostgresTest" time="11.654" tests="1" errors="0" skipped="0" failures="0">
  <properties>
[...]
</properties>
  <testcase name="app_starts_and_openapi_responds_200" classname="com.store.productservice.integration.ProductIntegrationPostgresTest" time="1.097">
    <system-out><![CDATA[20:00:56.094 [main] INFO org.testcontainers.images.PullPolicy -- Image pull policy will be performed by: DefaultPullPolicy()
20:00:56.099 [main] INFO org.testcontainers.utility.ImageNameSubstitutor -- Image name substitution will be performed by: DefaultImageNameSubstitutor (composite of 'ConfigurationFileImageNameSubstitutor' and 'PrefixingImageNameSubstitutor')
20:00:56.163 [main] INFO org.testcontainers.DockerClientFactory -- Testcontainers version: 1.20.1
20:00:56.551 [main] INFO org.testcontainers.dockerclient.DockerClientProviderStrategy -- Loaded org.testcontainers.dockerclient.NpipeSocketClientProviderStrategy from ~/.testcontainers.properties, will try it first
20:00:57.048 [main] INFO org.testcontainers.dockerclient.DockerClientProviderStrategy -- Found Docker environment with local Npipe socket (npipe:////./pipe/docker_engine)
20:00:57.049 [main] INFO org.testcontainers.DockerClientFactory -- Docker host IP address is localhost
20:00:57.104 [main] INFO org.testcontainers.DockerClientFactory -- Connected to docker: 
  Server Version: 28.4.0
  API Version: 1.51
  Operating System: Docker Desktop
  Total Memory: 15857 MB
20:00:57.264 [main] INFO tc.testcontainers/ryuk:0.8.1 -- Creating container for image: testcontainers/ryuk:0.8.1
20:00:57.810 [main] INFO tc.testcontainers/ryuk:0.8.1 -- Container testcontainers/ryuk:0.8.1 is starting: 8d434b7964f2279ec1dff63666f1c3bd3e9fb1fdb37a19b68938c1555a71b101
20:00:58.330 [main] INFO tc.testcontainers/ryuk:0.8.1 -- Container testcontainers/ryuk:0.8.1 started in PT1.0655855S
20:00:58.339 [main] INFO org.testcontainers.utility.RyukResourceReaper -- Ryuk started - will monitor and terminate Testcontainers containers on JVM exit
20:00:58.339 [main] INFO org.testcontainers.DockerClientFactory -- Checking the system...
20:00:58.340 [main] INFO org.testcontainers.DockerClientFactory -- ✔︎ Docker server version should be at least 1.6.0
20:00:58.341 [main] INFO tc.postgres:16 -- Creating container for image: postgres:16
20:00:58.422 [main] INFO tc.postgres:16 -- Container postgres:16 is starting: 775beb889fb29eb9761edeaf59511f24f051303f8885beba72e02858da2c4310
20:00:59.731 [main] INFO tc.postgres:16 -- Container postgres:16 started in PT1.3899216S
20:00:59.731 [main] INFO tc.postgres:16 -- Container is started (JDBC URL: jdbc:postgresql://localhost:60599/product_db_test?loggerLevel=OFF)
20:00:59.879 [main] INFO org.springframework.test.context.support.AnnotationConfigContextLoaderUtils -- Could not detect default configuration classes for test class [com.store.productservice.integration.ProductIntegrationPostgresTest]: ProductIntegrationPostgresTest does not declare any static, non-private, non-final, nested classes annotated with @Configuration.
20:01:00.047 [main] INFO org.springframework.boot.test.context.SpringBootTestContextBootstrapper -- Found @SpringBootConfiguration com.store.productservice.ProductServiceApplication for test class com.store.productservice.integration.ProductIntegrationPostgresTest

  .   ____          _            __ _ _
 /\\ / ___'_ __ _ _(_)_ __  __ _ \ \ \ \
( ( )\___ | '_ | '_| | '_ \/ _` | \ \ \ \
 \\/  ___)| |_)| | | | | || (_| |  ) ) ) )
  '  |____| .__|_| |_|_| |_\__, | / / / /
 =========|_|==============|___/=/_/_/_/

 :: Spring Boot ::                (v3.3.2)

2026-01-06T20:01:00.648+01:00  INFO 14660 --- [           main] c.s.p.i.ProductIntegrationPostgresTest   : Starting ProductIntegrationPostgresTest using Java 21.0.7 with PID 14660 (started by pc in C:\Users\pc\Desktop\product_service)
2026-01-06T20:01:00.650+01:00  INFO 14660 --- [           main] c.s.p.i.ProductIntegrationPostgresTest   : The following 1 profile is active: "test"
2026-01-06T20:01:01.669+01:00  INFO 14660 --- [           main] .s.d.r.c.RepositoryConfigurationDelegate : Bootstrapping Spring Data JPA repositories in DEFAULT mode.
2026-01-06T20:01:01.726+01:00  INFO 14660 --- [           main] .s.d.r.c.RepositoryConfigurationDelegate : Finished Spring Data repository scanning in 49 ms. Found 1 JPA repository interface.
2026-01-06T20:01:02.467+01:00  INFO 14660 --- [           main] o.s.b.w.embedded.tomcat.TomcatWebServer  : Tomcat initialized with port 0 (http)
2026-01-06T20:01:02.485+01:00  INFO 14660 --- [           main] o.apache.catalina.core.StandardService   : Starting service [Tomcat]
2026-01-06T20:01:02.486+01:00  INFO 14660 --- [           main] o.apache.catalina.core.StandardEngine    : Starting Servlet engine: [Apache Tomcat/10.1.26]
2026-01-06T20:01:02.583+01:00  INFO 14660 --- [           main] o.a.c.c.C.[Tomcat].[localhost].[/]       : Initializing Spring embedded WebApplicationContext
2026-01-06T20:01:02.583+01:00  INFO 14660 --- [           main] w.s.c.ServletWebServerApplicationContext : Root WebApplicationContext: initialization completed in 1917 ms
2026-01-06T20:01:02.780+01:00  INFO 14660 --- [           main] o.hibernate.jpa.internal.util.LogHelper  : HHH000204: Processing PersistenceUnitInfo [name: default]
2026-01-06T20:01:02.856+01:00  INFO 14660 --- [           main] org.hibernate.Version                    : HHH000412: Hibernate ORM core version 6.5.2.Final
2026-01-06T20:01:02.911+01:00  INFO 14660 --- [           main] o.h.c.internal.RegionFactoryInitiator    : HHH000026: Second-level cache disabled
2026-01-06T20:01:03.336+01:00  INFO 14660 --- [           main] o.s.o.j.p.SpringPersistenceUnitInfo      : No LoadTimeWeaver setup: ignoring JPA class transformer
2026-01-06T20:01:03.379+01:00  INFO 14660 --- [           main] com.zaxxer.hikari.HikariDataSource       : HikariPool-1 - Starting...
2026-01-06T20:01:03.633+01:00  INFO 14660 --- [           main] com.zaxxer.hikari.pool.HikariPool        : HikariPool-1 - Added connection org.postgresql.jdbc.PgConnection@5be0e16f
2026-01-06T20:01:03.634+01:00  INFO 14660 --- [           main] com.zaxxer.hikari.HikariDataSource       : HikariPool-1 - Start completed.
2026-01-06T20:01:03.693+01:00  WARN 14660 --- [           main] org.hibernate.orm.deprecation            : HHH90000025: PostgreSQLDialect does not need to be specified explicitly using 'hibernate.dialect' (remove the property setting and it will be selected by default)
2026-01-06T20:01:04.872+01:00  INFO 14660 --- [           main] o.h.e.t.j.p.i.JtaPlatformInitiator       : HHH000489: No JTA platform available (set 'hibernate.transaction.jta.platform' to enable JTA platform integration)
2026-01-06T20:01:04.945+01:00  INFO 14660 --- [           main] j.LocalContainerEntityManagerFactoryBean : Initialized JPA EntityManagerFactory for persistence unit 'default'
2026-01-06T20:01:05.427+01:00  INFO 14660 --- [           main] o.s.b.a.w.s.WelcomePageHandlerMapping    : Adding welcome page template: index
2026-01-06T20:01:05.977+01:00  INFO 14660 --- [           main] o.s.b.w.embedded.tomcat.TomcatWebServer  : Tomcat started on port 60614 (http) with context path '/'
2026-01-06T20:01:05.979+01:00  INFO 14660 --- [           main] c.s.p.i.ProductIntegrationPostgresTest   : Started ProductIntegrationPostgresTest in 5.777 seconds (process running for 11.078)
2026-01-06T20:01:06.574+01:00  INFO 14660 --- [o-auto-1-exec-1] o.a.c.c.C.[Tomcat].[localhost].[/]       : Initializing Spring DispatcherServlet 'dispatcherServlet'
2026-01-06T20:01:06.574+01:00  INFO 14660 --- [o-auto-1-exec-1] o.s.web.servlet.DispatcherServlet        : Initializing Servlet 'dispatcherServlet'
2026-01-06T20:01:06.574+01:00  INFO 14660 --- [o-auto-1-exec-1] o.s.web.servlet.DispatcherServlet        : Completed initialization in 0 ms
2026-01-06T20:01:06.932+01:00  INFO 14660 --- [o-auto-1-exec-1] o.springdoc.api.AbstractOpenApiResource  : Init duration for springdoc-openapi is: 297 ms
]]></system-out>
    <system-err><![CDATA[WARNING: A Java agent has been loaded dynamically (C:\Users\pc\.m2\repository\net\bytebuddy\byte-buddy-agent\1.14.18\byte-buddy-agent-1.14.18.jar)
WARNING: If a serviceability tool is in use, please run with -XX:+EnableDynamicAgentLoading to hide this warning
WARNING: If a serviceability tool is not in use, please run with -Djdk.instrument.traceUsage for more information
WARNING: Dynamic loading of agents will be disallowed by default in a future release
]]></system-err>
  </testcase>
</testsuite>